code-server (1.75.1, rms.lockheed-hackathon.domino.tech, server-distro)
Jupyter Extension Version: 2022.10.110.
Python Extension Version: 2021.12.1559732655.
Workspace folder /mnt
info 23:35:24.946: ZMQ install verified.
info 23:35:25.328: LSP Notebooks experiment is disabled -- Python does not support experiment
warn 23:35:25.417: Failed to get active interpreter from Python for workspace /mnt [TypeError: Cannot read properties of undefined (reading 'getActiveEnvironmentPath')
	at /home/ubuntu/.local/share/code-server/extensions/ms-toolsai.jupyter-2022.10.110-universal/out/extension.node.js:2:904259]
error 23:35:25.418: Failed to find & set preferred controllers [TypeError: Cannot read properties of undefined (reading 'getActiveEnvironmentPath')
	at /home/ubuntu/.local/share/code-server/extensions/ms-toolsai.jupyter-2022.10.110-universal/out/extension.node.js:2:904259]
warn 23:35:25.418: Failed to get active interpreter from Python for workspace /mnt [TypeError: Cannot read properties of undefined (reading 'getActiveEnvironmentPath')
	at /home/ubuntu/.local/share/code-server/extensions/ms-toolsai.jupyter-2022.10.110-universal/out/extension.node.js:2:904259]
warn 23:35:25.419: Failed to get active interpreter from Python for workspace /mnt [TypeError: Cannot read properties of undefined (reading 'getActiveEnvironmentPath')
	at /home/ubuntu/.local/share/code-server/extensions/ms-toolsai.jupyter-2022.10.110-universal/out/extension.node.js:2:904259]
warn 23:35:25.419: Failed to get active interpreter from Python for workspace /mnt [TypeError: Cannot read properties of undefined (reading 'getActiveEnvironmentPath')
	at /home/ubuntu/.local/share/code-server/extensions/ms-toolsai.jupyter-2022.10.110-universal/out/extension.node.js:2:904259]
warn 23:35:25.419: Failed to get active interpreter from Python for workspace /mnt [TypeError: Cannot read properties of undefined (reading 'getActiveEnvironmentPath')
	at /home/ubuntu/.local/share/code-server/extensions/ms-toolsai.jupyter-2022.10.110-universal/out/extension.node.js:2:904259]
warn 23:35:25.419: Failed to get active interpreter from Python for workspace /mnt [TypeError: Cannot read properties of undefined (reading 'getActiveEnvironmentPath')
	at /home/ubuntu/.local/share/code-server/extensions/ms-toolsai.jupyter-2022.10.110-universal/out/extension.node.js:2:904259]
error 23:35:25.421: Get Interpreters, Class name = x, completed in 97ms, has a falsy return value,  [TypeError: Cannot read properties of undefined (reading 'refreshEnvironments')
	at /home/ubuntu/.local/share/code-server/extensions/ms-toolsai.jupyter-2022.10.110-universal/out/extension.node.js:2:906001
	at async x.getInterpretersImpl (/home/ubuntu/.local/share/code-server/extensions/ms-toolsai.jupyter-2022.10.110-universal/out/extension.node.js:2:905929)]
error 23:35:25.421: Get Active Interpreter, Class name = x, completed in 95ms, has a falsy return value, Arg 1: "/mnt/open_cv_exploration_example.ipynb" [TypeError: Cannot read properties of undefined (reading 'getActiveEnvironmentPath')
	at /home/ubuntu/.local/share/code-server/extensions/ms-toolsai.jupyter-2022.10.110-universal/out/extension.node.js:2:904259]
error 23:35:25.421: Get Active Interpreter, Class name = x, completed in 92ms, has a falsy return value, Arg 1: "/mnt" [TypeError: Cannot read properties of undefined (reading 'getActiveEnvironmentPath')
	at /home/ubuntu/.local/share/code-server/extensions/ms-toolsai.jupyter-2022.10.110-universal/out/extension.node.js:2:904259]
error 23:35:25.421: Get Active Interpreter, Class name = x, completed in 92ms, has a falsy return value, Arg 1: "/mnt/open_cv_exploration_example.ipynb" [TypeError: Cannot read properties of undefined (reading 'getActiveEnvironmentPath')
	at /home/ubuntu/.local/share/code-server/extensions/ms-toolsai.jupyter-2022.10.110-universal/out/extension.node.js:2:904259]
error 23:35:25.421: Get Active Interpreter, Class name = x, completed in 92ms, has a falsy return value, Arg 1: "/mnt" [TypeError: Cannot read properties of undefined (reading 'getActiveEnvironmentPath')
	at /home/ubuntu/.local/share/code-server/extensions/ms-toolsai.jupyter-2022.10.110-universal/out/extension.node.js:2:904259]
error 23:35:25.421: Get Active Interpreter, Class name = x, completed in 88ms, has a falsy return value, Arg 1: undefined [TypeError: Cannot read properties of undefined (reading 'getActiveEnvironmentPath')
	at /home/ubuntu/.local/share/code-server/extensions/ms-toolsai.jupyter-2022.10.110-universal/out/extension.node.js:2:904259]
error 23:35:25.421: Get Active Interpreter, Class name = x, completed in 68ms, has a falsy return value, Arg 1: "/mnt/open_cv_exploration_example.ipynb" [TypeError: Cannot read properties of undefined (reading 'getActiveEnvironmentPath')
	at /home/ubuntu/.local/share/code-server/extensions/ms-toolsai.jupyter-2022.10.110-universal/out/extension.node.js:2:904259]
info 23:35:25.427: Preferred Remote kernel for /mnt/open_cv_exploration_example.ipynb is undefined
info 23:35:25.464: Process Execution: > jupyter notebook --version
> jupyter notebook --version
info 23:35:25.485: Process Execution: > jupyter lab --version
> jupyter lab --version
error 23:35:25.555: Get Interpreters, Class name = x, completed in 6ms, has a falsy return value,  [TypeError: Cannot read properties of undefined (reading 'refreshEnvironments')
	at /home/ubuntu/.local/share/code-server/extensions/ms-toolsai.jupyter-2022.10.110-universal/out/extension.node.js:2:906001
	at async x.getInterpretersImpl (/home/ubuntu/.local/share/code-server/extensions/ms-toolsai.jupyter-2022.10.110-universal/out/extension.node.js:2:905929)]
error 23:35:25.555: Get Interpreters, Class name = x, completed in 1ms, has a falsy return value,  [TypeError: Cannot read properties of undefined (reading 'refreshEnvironments')
	at /home/ubuntu/.local/share/code-server/extensions/ms-toolsai.jupyter-2022.10.110-universal/out/extension.node.js:2:906001
	at async x.getInterpretersImpl (/home/ubuntu/.local/share/code-server/extensions/ms-toolsai.jupyter-2022.10.110-universal/out/extension.node.js:2:905929)]
warn 23:35:25.557: Failed to get active interpreter from Python for workspace /mnt [TypeError: Cannot read properties of undefined (reading 'getActiveEnvironmentPath')
	at /home/ubuntu/.local/share/code-server/extensions/ms-toolsai.jupyter-2022.10.110-universal/out/extension.node.js:2:904259]
error 23:35:25.557: Failed to find & set preferred controllers [TypeError: Cannot read properties of undefined (reading 'getActiveEnvironmentPath')
	at /home/ubuntu/.local/share/code-server/extensions/ms-toolsai.jupyter-2022.10.110-universal/out/extension.node.js:2:904259]
warn 23:35:25.557: Failed to get active interpreter from Python for workspace /mnt [TypeError: Cannot read properties of undefined (reading 'getActiveEnvironmentPath')
	at /home/ubuntu/.local/share/code-server/extensions/ms-toolsai.jupyter-2022.10.110-universal/out/extension.node.js:2:904259]
error 23:35:25.557: Failed to find & set preferred controllers [TypeError: Cannot read properties of undefined (reading 'getActiveEnvironmentPath')
	at /home/ubuntu/.local/share/code-server/extensions/ms-toolsai.jupyter-2022.10.110-universal/out/extension.node.js:2:904259]
warn 23:35:25.557: Failed to get active interpreter from Python for workspace /mnt [TypeError: Cannot read properties of undefined (reading 'getActiveEnvironmentPath')
	at /home/ubuntu/.local/share/code-server/extensions/ms-toolsai.jupyter-2022.10.110-universal/out/extension.node.js:2:904259]
error 23:35:25.557: Failed to find & set preferred controllers [TypeError: Cannot read properties of undefined (reading 'getActiveEnvironmentPath')
	at /home/ubuntu/.local/share/code-server/extensions/ms-toolsai.jupyter-2022.10.110-universal/out/extension.node.js:2:904259]
warn 23:35:25.557: Failed to get active interpreter from Python for workspace /mnt [TypeError: Cannot read properties of undefined (reading 'getActiveEnvironmentPath')
	at /home/ubuntu/.local/share/code-server/extensions/ms-toolsai.jupyter-2022.10.110-universal/out/extension.node.js:2:904259]
error 23:35:25.557: Failed to find & set preferred controllers [TypeError: Cannot read properties of undefined (reading 'getActiveEnvironmentPath')
	at /home/ubuntu/.local/share/code-server/extensions/ms-toolsai.jupyter-2022.10.110-universal/out/extension.node.js:2:904259]
error 23:35:25.557: Get Active Interpreter, Class name = x, completed in 6ms, has a falsy return value, Arg 1: "/mnt/open_cv_exploration_example.ipynb" [TypeError: Cannot read properties of undefined (reading 'getActiveEnvironmentPath')
	at /home/ubuntu/.local/share/code-server/extensions/ms-toolsai.jupyter-2022.10.110-universal/out/extension.node.js:2:904259]
error 23:35:25.557: Get Active Interpreter, Class name = x, completed in 5ms, has a falsy return value, Arg 1: "/mnt/open_cv_exploration_example.ipynb" [TypeError: Cannot read properties of undefined (reading 'getActiveEnvironmentPath')
	at /home/ubuntu/.local/share/code-server/extensions/ms-toolsai.jupyter-2022.10.110-universal/out/extension.node.js:2:904259]
error 23:35:25.557: Get Active Interpreter, Class name = x, completed in 4ms, has a falsy return value, Arg 1: "/mnt/open_cv_exploration_example.ipynb" [TypeError: Cannot read properties of undefined (reading 'getActiveEnvironmentPath')
	at /home/ubuntu/.local/share/code-server/extensions/ms-toolsai.jupyter-2022.10.110-universal/out/extension.node.js:2:904259]
error 23:35:25.557: Get Active Interpreter, Class name = x, completed in 4ms, has a falsy return value, Arg 1: "/mnt/open_cv_exploration_example.ipynb" [TypeError: Cannot read properties of undefined (reading 'getActiveEnvironmentPath')
	at /home/ubuntu/.local/share/code-server/extensions/ms-toolsai.jupyter-2022.10.110-universal/out/extension.node.js:2:904259]
info 23:36:24.114: Starting Jupyter Session startUsingLocalKernelSpec, .julia-1.6./usr/share/julia-1.6.3/bin/julia././usr/share/julia-1.6.3/bin/julia#-i#--color=yes#--project=@.#/home/ubuntu/.julia/packages/ijulia/vo51o/src/kernel.jl#{connection_file} for '/mnt/open_cv_exploration_example.ipynb' (disableUI=true)
info 23:36:24.116: Computing working directory for resource '/mnt/open_cv_exploration_example.ipynb'
info 23:36:24.126: Launching Raw Kernel & not daemon Julia 1.6.3 # /usr/share/julia-1.6.3/bin/julia
info 23:36:24.127: No custom variables nor do we have a conda environment
info 23:36:24.137: Process Execution: > /usr/share/julia-1.6.3/bin/julia -i --color=yes --project=@. ~/.julia/packages/IJulia/Vo51o/src/kernel.jl ~/.local/share/jupyter/runtime/kernel-v2-675dAUBER28AxiN.json
> /usr/share/julia-1.6.3/bin/julia -i --color=yes --project=@. ~/.julia/packages/IJulia/Vo51o/src/kernel.jl ~/.local/share/jupyter/runtime/kernel-v2-675dAUBER28AxiN.json
info 23:36:24.137: Process Execution: cwd: /mnt
cwd: /mnt
warn 23:36:24.537: Failed to get active interpreter from Python for workspace /mnt [TypeError: Cannot read properties of undefined (reading 'getActiveEnvironmentPath')
	at /home/ubuntu/.local/share/code-server/extensions/ms-toolsai.jupyter-2022.10.110-universal/out/extension.node.js:2:904259]
error 23:36:24.538: Get Active Interpreter, Class name = x, completed in 2ms, has a falsy return value, Arg 1: "/mnt" [TypeError: Cannot read properties of undefined (reading 'getActiveEnvironmentPath')
	at /home/ubuntu/.local/share/code-server/extensions/ms-toolsai.jupyter-2022.10.110-universal/out/extension.node.js:2:904259]
info 23:36:28.082: Kernel Output: Starting kernel event loops.
info 23:36:28.083: Kernel Output: Starting kernel event loops.

info 23:36:28.892: Started Kernel Julia 1.6.3 (pid: 1331)
info 23:36:31.301: Cancel all remaining cells true || Error || undefined
info 23:37:47.871: Cancel all remaining cells true || Error || undefined
info 23:38:11.704: Checking for server existence.
info 23:38:11.705: Checking for server usability.
info 23:38:11.705: Starting notebook server.
info 23:38:11.706: Connecting to server
warn 23:38:11.706: Could not fetch kernels from the remote server, falling back to cache: Error: Server Not found
info 23:39:02.274: Cancel all remaining cells true || Error || undefined
info 23:39:37.515: Cancel all remaining cells true || Error || undefined
info 23:40:32.878: Cancel all remaining cells true || Error || undefined
